[Licensing::Module] Trying to connect to existing licensing client channel...
Built from '6000.5/staging' branch; Version is '6000.5.0f1 (88b47c5e7076) revision 8959100'; Using compiler version '194234433'; Build Type 'Release'
OS: 'Windows 11  (10.0.26200) Core' Language: 'tr' Physical Memory: 16197 MB
BatchMode: 1, IsHumanControllingUs: 0, StartBugReporterOnCrash: 0, Is64bit: 1
[Licensing::IpcConnector] Successfully connected to: "LicenseClient-bisiy" at "2026-07-02T16:35:29.8688192Z"
System  architecture: x64
Process architecture: x64
Date: 2026-07-02T16:35:29Z

COMMAND LINE ARGUMENTS:
C:\Program Files\Unity\Hub\Editor\6000.5.0f1\Editor\Unity.exe
-adb2
-batchMode
-noUpm
-name
AssetImportWorkerHW1
-projectPath
C:/Users/bisiy/YeniProje
-logFile
Logs/AssetImportWorkerHW1.log
-srvPort
60612
-parentPid
29992
-analyticsCloudUserId
18966810380067
-analyticsCloudProjectId
1d4271f5-57ae-476e-a844-530110858ada
-analyticsLocalProjectId
f7e48f2537fbd7f42a64fe050685ea0d
-licensingIpc
LicenseClient-bisiy
-noDiagnosticSwitchPersistentStore
-job-worker-count
5
-background-job-worker-count
8
-asset-garbage-collectors
1
-force-d3d12
-name
AssetImport
Successfully changed project path to: C:/Users/bisiy/YeniProje
C:/Users/bisiy/YeniProje
[UnityMemory] Configuration Parameters - Can be set up in boot.config
    "memorysetup-temp-allocator-size-gi-baking-worker=262144"
    "memorysetup-temp-allocator-size-gi-baking-worker=262144"
    "memorysetup-temp-allocator-size-gi-baking-worker=262144"
    "memorysetup-temp-allocator-size-gi-baking-worker=262144"
    "memorysetup-temp-allocator-size-gi-baking-worker=262144"
    "memorysetup-temp-allocator-size-nav-mesh-worker=65536"
    "memorysetup-temp-allocator-size-audio-worker=65536"
    "memorysetup-temp-allocator-size-cloud-worker=32768"
    "memorysetup-temp-allocator-size-gfx=262144"
    "memorysetup-temp-allocator-size-preload-manager=33554432"
    "memorysetup-allocator-temp-initial-block-size-main=262144"
    "memorysetup-allocator-temp-initial-block-size-worker=262144"
    "memorysetup-temp-allocator-size-job-worker=262144"
    "memorysetup-temp-allocator-size-background-worker=32768"
    "memorysetup-bucket-allocator-granularity=16"
    "memorysetup-bucket-allocator-bucket-count=8"
    "memorysetup-bucket-allocator-block-size=33554432"
    "memorysetup-bucket-allocator-block-count=8"
    "memorysetup-main-allocator-block-size=16777216"
    "memorysetup-thread-allocator-block-size=16777216"
    "memorysetup-main-allocator-mimalloc-enabled=0"
    "memorysetup-gfx-main-allocator-block-size=16777216"
    "memorysetup-gfx-thread-allocator-block-size=16777216"
    "memorysetup-cache-allocator-block-size=4194304"
    "memorysetup-typetree-allocator-block-size=2097152"
    "memorysetup-profiler-bucket-allocator-granularity=16"
    "memorysetup-profiler-bucket-allocator-bucket-count=8"
    "memorysetup-profiler-bucket-allocator-block-size=33554432"
    "memorysetup-profiler-bucket-allocator-block-count=8"
    "memorysetup-profiler-allocator-block-size=16777216"
    "memorysetup-profiler-editor-allocator-block-size=1048576"
    "memorysetup-temp-allocator-size-main=16777216"
    "memorysetup-job-temp-allocator-block-size=2097152"
    "memorysetup-job-temp-allocator-block-size-background=1048576"
    "memorysetup-job-temp-allocator-reduction-small-platforms=262144"
Player connection [21888]  Target information:

Player connection [21888]  * "[IP] 172.21.4.151 [Port] 0 [Flags] 2 [Guid] 2536921739 [EditorId] 2536921739 [Version] 1048832 [Id] WindowsEditor(7,DESKTOP-J57DBAM) [Debug] 1 [PackageName] WindowsEditor [ProjectName] Editor" 

Player connection [21888]  * "[IP] 192.168.1.11 [Port] 0 [Flags] 2 [Guid] 2536921739 [EditorId] 2536921739 [Version] 1048832 [Id] WindowsEditor(7,DESKTOP-J57DBAM) [Debug] 1 [PackageName] WindowsEditor [ProjectName] Editor" 

Player connection [21888] Host joined multi-casting on [225.0.0.222:54997]...
Player connection [21888] Host joined alternative multi-casting on [225.0.0.222:34997]...
JobSystem: Creating JobQueue using job-worker-count value 5
Input System module state changed to: Initialized.
[Physics::Module] Initialized fallback backend.
[Physics::Module] Id: 0xdecafbad
Library Redirect Path: Library/
[Physics::Module] Selected backend.
[Physics::Module] Name: PhysX
[Physics::Module] Id: 0xf2b8ea05
[Physics::Module] SDK Version: 4.1.2
[Physics::Module] Integration Version: 1.0.0
[Physics::Module] Threading Mode: Multi-Threaded
Active build profile path: `Assets/Settings/Build Profiles/Android™.asset`
Got setting from build profile YAML, name `m_BuildSubtarget`, value `0`
[Licensing::Module] Licensing is not yet initialized.
[Licensing::Client] Error: HandshakeResponse reported an error:
	ResponseCode: 505
	ResponseStatus: Unsupported protocol version '1.18.1'.
[Licensing::Module] Error: Failed to handshake to channel: "LicenseClient-bisiy"
[Licensing::IpcConnector] LicenseClient-bisiy channel disconnected successfully.
[Licensing::IpcConnector] Successfully connected to: "LicenseClient-bisiy-6000.5.0" at "2026-07-02T16:35:30.6458424Z"
[Licensing::Client] Code 10 while verifying Licensing Client signature (process Id: 26516, path: "C:/Program Files/Unity/Hub/Editor/6000.5.0f1/Editor/Data/Resources/Licensing/Client/Unity.Licensing.Client.exe")
[Licensing::Module] LicensingClient has failed validation; ignoring
[Licensing::Client] Handshaking with LicensingClient:
  Version:                 1.18.1+9fbee8e
  Session Id:              008523bf8ec2478a919b300b18553961
  Correlation Id:          fda6026e96ab24ec9914ee2e919bb89c
  External correlation Id: 5453469518088885584
  Machine Id:              VrHzoFdvz6keXhartjgc/5NzFEg=
[Licensing::Module] Successfully connected to LicensingClient on channel: "LicenseClient-bisiy-6000.5.0" (connect: 0.00s, validation: 0.00s, handshake: 0.00s)
[Licensing::IpcConnector] Successfully connected to: "LicenseClient-bisiy-6000.5.0-notifications" at "2026-07-02T16:35:30.6511416Z"
[Licensing::Module] Licensing Background thread has ended after 0.78s
[Licensing::Module] Licensing is initialized (took 0.61s).
[Licensing::Client] Successfully resolved entitlement details
[Licensing::Module] License group:
  Id: 18966810380067-UnityPersXXXX
  Product: Unity Personal
  Type: Assigned
  Expiration: Unlimited
Got setting from build profile YAML, name `m_BuildTarget`, value `13`
Got setting from build profile YAML, name `m_Subtarget`, value `0`
Refreshing native plugins compatible for Editor in 7.77 ms, found 5 plugins.
Initialize engine version: 6000.5.0f1 (88b47c5e7076)
[Subsystems] Discovering subsystems at path C:/Program Files/Unity/Hub/Editor/6000.5.0f1/Editor/Data/Resources/UnitySubsystems
[Subsystems] Discovering subsystems at path C:/Users/bisiy/YeniProje/Assets
Forcing GfxDevice: Direct3D 12
GfxDevice: creating device client; kGfxThreadingModeNonThreaded
d3d12: failed to query info queue interface (0x80004002).
Direct3D:
    Version:         Direct3D 12 [level 12.2]
    Renderer:        NVIDIA GeForce RTX 4060 (ID=0x2882)
    Vendor:          NVIDIA
    VRAM:            7956 MB
    App VRAM Budget: 7188 MB
    Driver:          32.0.16.1047
Got setting from build profile YAML, name `m_BuildSubtarget`, value `0`
Got setting from build profile YAML, name `m_BuildSubtarget`, value `0`
Got setting from build profile YAML, name `m_BuildSubtarget`, value `0`
Initialize mono
Mono path[0] = 'C:/Program Files/Unity/Hub/Editor/6000.5.0f1/Editor/Data/Managed'
Mono path[1] = 'C:/Program Files/Unity/Hub/Editor/6000.5.0f1/Editor/Data/BCLExtensions/runtime/netstandard2.1'
Mono path[2] = 'C:/Program Files/Unity/Hub/Editor/6000.5.0f1/Editor/Data/MonoBleedingEdge/lib/mono/unityjit-win32'
Mono config path = 'C:/Program Files/Unity/Hub/Editor/6000.5.0f1/Editor/Data/MonoBleedingEdge/etc'
Using monoOptions --debugger-agent=transport=dt_socket,embedding=1,server=y,suspend=n,address=127.0.0.1:56448
CodeReloadManager initialized
Got setting from build profile YAML, name `m_BuildSubtarget`, value `0`
Got setting from build profile YAML, name `m_BuildSubtarget`, value `0`
Begin MonoManager ReloadAssembly
Registering precompiled unity dll's ...
Register platform support module: C:/Program Files/Unity/Hub/Editor/6000.5.0f1/Editor/Data/PlaybackEngines/WebGLSupport/UnityEditor.WebGL.Extensions.dll
Register platform support module: C:/Program Files/Unity/Hub/Editor/6000.5.0f1/Editor/Data/PlaybackEngines/WindowsStandaloneSupport/UnityEditor.WindowsStandalone.Extensions.dll
Register platform support module: C:/Program Files/Unity/Hub/Editor/6000.5.0f1/Editor/Data/PlaybackEngines/AndroidPlayer/UnityEditor.Android.Extensions.dll
Registered in 0.002491 seconds.
Got setting from build profile YAML, name `m_BuildSubtarget`, value `0`
Got setting from build profile YAML, name `m_BuildSubtarget`, value `0`
Got setting from build profile YAML, name `m_BuildSubtarget`, value `0`
Got setting from build profile YAML, name `m_BuildSubtarget`, value `0`
Native extension for Android target not found
Native extension for WindowsStandalone target not found
Native extension for WebGL target not found
Package Manager log level set to [2]
[Package Manager] Failed to launch server process. Reason: Unity was launched with the -noUpm command-line argument
[Package Manager] Unable to send message (not connected to server process).
[Package Manager] Cannot connect to Unity Package Manager local server
ScheduleIndexationOnStartup MainProcess:False IndexOnStartup:True
Mono: successfully reloaded assembly
- Finished resetting the current domain, in  0.380 seconds
Domain Reload Profiling: 901ms
	BeginReloadAssembly (117ms)
	RebuildCommonClasses (4ms)
	RebuildNativeTypeToScriptingClass (16ms)
	initialDomainReloadingComplete (88ms)
	LoadAllAssembliesAndSetupDomain (294ms)
		LoadAssemblies (115ms)
		AnalyzeDomain (216ms)
			TypeCache.Refresh (215ms)
				TypeCache.ScanAssembly (201ms)
	FinalizeReload (381ms)
		SetupLoadedEditorAssemblies (0ms)
			InitializePlatformSupportModulesInManaged (12ms)
			BeforeProcessingInitializeOnLoad (94ms)
			ProcessInitializeOnLoadAttributes (100ms)
			ProcessInitializeOnLoadMethodAttributes (96ms)
Got setting from build profile YAML, name `m_BuildSubtarget`, value `0`
Got setting from build profile YAML, name `m_BuildSubtarget`, value `0`
Initializing Unity extensions:
[Licensing::Client] Successfully resolved entitlement details
Curl error 3: URL rejected: Malformed input to a URL function
Got setting from build profile YAML, name `m_BuildSubtarget`, value `0`
========================================================================
Worker process is ready to serve import requests
Import Worker Mode flag is 0x00
Got setting from build profile YAML, name `m_BuildSubtarget`, value `0`
Got setting from build profile YAML, name `m_BuildSubtarget`, value `0`
Got setting from build profile YAML, name `m_BuildSubtarget`, value `0`
Got setting from build profile YAML, name `m_BuildSubtarget`, value `0`
Got setting from build profile YAML, name `m_Development`, value `0`
Got setting from build profile YAML, name `m_BuildSubtarget`, value `0`
Got setting from build profile YAML, name `m_BuildSubtarget`, value `0`
Got setting from build profile YAML, name `m_BuildSubtarget`, value `0`
Begin MonoManager ReloadAssembly
Launched and connected shader compiler UnityShaderCompiler.exe after 0.01 seconds
Symbol file LoadedFromMemory is not a mono symbol file
Refreshing native plugins compatible for Editor in 5.91 ms, found 5 plugins.
Native extension for Android target not found
Native extension for WindowsStandalone target not found
Native extension for WebGL target not found
[Package Manager] Failed to launch server process. Reason: Unity was launched with the -noUpm command-line argument
[Package Manager] Unable to send message (not connected to server process).
[Package Manager] Cannot connect to Unity Package Manager local server
Refreshing native plugins compatible for Editor in 6.18 ms, found 5 plugins.
[Package Manager] Failed to launch server process. Reason: Unity was launched with the -noUpm command-line argument
[Package Manager] Unable to send message (not connected to server process).
[Package Manager] Cannot connect to Unity Package Manager local server
ScheduleIndexationOnStartup MainProcess:False IndexOnStartup:True
Mono: successfully reloaded assembly
- Finished resetting the current domain, in  0.817 seconds
Domain Reload Profiling: 1869ms
	BeginReloadAssembly (236ms)
		DisableScriptedObjects (68ms)
		CreateAndSetChildDomain (26ms)
	RebuildCommonClasses (8ms)
	RebuildNativeTypeToScriptingClass (14ms)
	initialDomainReloadingComplete (50ms)
	LoadAllAssembliesAndSetupDomain (743ms)
		LoadAssemblies (380ms)
		AnalyzeDomain (314ms)
			TypeCache.Refresh (209ms)
				TypeCache.ScanAssembly (187ms)
			BuildScriptInfoCaches (94ms)
			ResolveRequiredComponents (9ms)
	FinalizeReload (818ms)
		SetupLoadedEditorAssemblies (0ms)
			InitializePlatformSupportModulesInManaged (8ms)
			BeforeProcessingInitializeOnLoad (84ms)
			ProcessInitializeOnLoadAttributes (301ms)
			ProcessInitializeOnLoadMethodAttributes (249ms)
			AfterProcessingInitializeOnLoad (4ms)
		AwakeInstancesAfterBackupRestoration (15ms)
AcceleratorClientConnectionCallback - disconnected - :0
Refreshing native plugins compatible for Editor in 5.48 ms, found 5 plugins.
Unloading 34 Unused Serialized files (Serialized files now loaded: 0)
Curl error 3: URL rejected: Malformed input to a URL function
Unloading 8398 unused Assets / (8.0 MB). Loaded Objects now: 9281.
Memory consumption went from 374.2 MB to 366.2 MB.
Total: 10.614900 ms (FindLiveObjects: 0.676800 ms CreateObjectMapping: 3.018300 ms MarkObjects: 4.444200 ms  DeleteObjects: 2.473500 ms)

========================================================================
Received Prepare
AcceleratorClientConnectionCallback - disconnected - :0
Refreshing native plugins compatible for Editor in 7.73 ms, found 5 plugins.
Unloading 34 Unused Serialized files (Serialized files now loaded: 0)
Unloading 34 unused Assets / (4.1 MB). Loaded Objects now: 9281.
Memory consumption went from 364.3 MB to 360.3 MB.
Total: 8.808100 ms (FindLiveObjects: 0.398700 ms CreateObjectMapping: 1.347200 ms MarkObjects: 6.534900 ms  DeleteObjects: 0.525800 ms)

Prepare: number of updated asset objects reloaded= 0
EnvironmentDependencyValues requested are different than current active one (requested -> active):
  graphicsApiMask: 2099200 -> 2361344
========================================================================
Received Import Request.
  Time of request: 2026-07-02T16:50:42.0956404Z
  Time since last request: 285220.86230490001617 seconds.
  importAddress: GUID: 8073af8ca78fdd946863e1044c64c7ec - Path: Assets/market/Copilot_20260702_194914-removebg-preview.png - Importer: PreviewImporter
Importing 'GUID: 8073af8ca78fdd946863e1044c64c7ec - Path: Assets/market/Copilot_20260702_194914-removebg-preview.png - Importer: PreviewImporter' with importer (PreviewImporter)
[Licensing::Client] Successfully resolved entitlement details
Imported 'GUID: 8073af8ca78fdd946863e1044c64c7ec' -> (Import Result ID: '98f422faeae9b1fcf13a20884e1837b8') in 0.120 seconds [static and dynamic dependencies]. Details - ImportResultOutputID=38325cac255b49f5c95685a435c24649 DependenciesID=a5c0fba7f68d4e856935b4527d8d1699 StaticDependenciesID=841caa216857598398cf6bfd05cdd9e4 
Number of updated asset objects reloaded before import = 0
Number of asset objects unloaded after import = 3
========================================================================
Received Prepare
AcceleratorClientConnectionCallback - disconnected - :0
Refreshing native plugins compatible for Editor in 8.16 ms, found 5 plugins.
Unloading 34 Unused Serialized files (Serialized files now loaded: 0)
Unloading 35 unused Assets / (4.1 MB). Loaded Objects now: 9290.
Memory consumption went from 366.7 MB to 362.7 MB.
Total: 28.955800 ms (FindLiveObjects: 0.838100 ms CreateObjectMapping: 1.851300 ms MarkObjects: 25.726200 ms  DeleteObjects: 0.537900 ms)

Prepare: number of updated asset objects reloaded= 0
EnvironmentDependencyValues requested are different than current active one (requested -> active):
  graphicsApiMask: 2099200 -> 2361344
========================================================================
Received Import Request.
  Time of request: 2026-07-02T20:22:13.9066443Z
  Time since last request: 12691.67549359999975 seconds.
  importAddress: GUID: 9aadb52722571a5499099c5ac42c2fdd - Path: Assets/Textures/Kenny.nl/Soccer Texture/goldenBall.png - Importer: PreviewImporter
Importing 'GUID: 9aadb52722571a5499099c5ac42c2fdd - Path: Assets/Textures/Kenny.nl/Soccer Texture/goldenBall.png - Importer: PreviewImporter' with importer (PreviewImporter)
Imported 'GUID: 9aadb52722571a5499099c5ac42c2fdd' -> (Import Result ID: 'd57dfc56e2f6e45f83dab78120371251') in 0.030 seconds [static and dynamic dependencies]. Details - ImportResultOutputID=465aafa94d7497fd8e60b3d18567e925 DependenciesID=786ed0d0056be5715d1a9ce1406f9131 StaticDependenciesID=0cf300b70c8702967563c5f9dc0c098c 
Number of updated asset objects reloaded before import = 0
Number of asset objects unloaded after import = 3
========================================================================
Received Prepare
AcceleratorClientConnectionCallback - disconnected - :0
Refreshing native plugins compatible for Editor in 8.90 ms, found 5 plugins.
Unloading 34 Unused Serialized files (Serialized files now loaded: 0)
Unloading 35 unused Assets / (4.1 MB). Loaded Objects now: 9292.
Memory consumption went from 366.7 MB to 362.7 MB.
Total: 34.622300 ms (FindLiveObjects: 1.377800 ms CreateObjectMapping: 1.466500 ms MarkObjects: 31.244000 ms  DeleteObjects: 0.531400 ms)

Prepare: number of updated asset objects reloaded= 0
EnvironmentDependencyValues requested are different than current active one (requested -> active):
  graphicsApiMask: 2099200 -> 2361344
========================================================================
Received Prepare
AcceleratorClientConnectionCallback - disconnected - :0
Refreshing native plugins compatible for Editor in 9.42 ms, found 5 plugins.
Unloading 34 Unused Serialized files (Serialized files now loaded: 0)
Unloading 35 unused Assets / (4.1 MB). Loaded Objects now: 9292.
Memory consumption went from 367.1 MB to 363.0 MB.
Total: 8.919700 ms (FindLiveObjects: 0.364200 ms CreateObjectMapping: 1.733200 ms MarkObjects: 6.284600 ms  DeleteObjects: 0.535800 ms)

Prepare: number of updated asset objects reloaded= 0
EnvironmentDependencyValues requested are different than current active one (requested -> active):
  graphicsApiMask: 2099200 -> 2361344
========================================================================
Received Import Request.
  Time of request: 2026-07-02T21:07:50.8912821Z
  Time since last request: 2736.94091560000015 seconds.
  importAddress: GUID: dc36b3fdc14f47ebb36fd484a67e268a - Path: Assets/TextMesh Pro/Examples & Extras/Resources/Fonts & Materials/Electronic Highway Sign SDF.asset - Importer: ScriptedImporter/UnityEditor.QuickSearchModule:UnityEditor.Search:ASIAI0B
Importing 'GUID: dc36b3fdc14f47ebb36fd484a67e268a - Path: Assets/TextMesh Pro/Examples & Extras/Resources/Fonts & Materials/Electronic Highway Sign SDF.asset - Importer: ScriptedImporter/UnityEditor.QuickSearchModule:UnityEditor.Search:ASIAI0B' with importer (ScriptedImporter : UnityEditor.QuickSearchModule:UnityEditor.Search:ASIAI0B)
Imported 'GUID: dc36b3fdc14f47ebb36fd484a67e268a' -> (Import Result ID: 'd306f26c2be9284dff4ac7c516b21eaf') in 0.396 seconds [static and dynamic dependencies]. Details - ImportResultOutputID=15cb619c41249d4146dbd67ee4436a3b DependenciesID=ba5c058528e6468dfb99239982ee749d StaticDependenciesID=a11cdadf958b430764393e29c140795f 
Number of updated asset objects reloaded before import = 0
Number of asset objects unloaded after import = 5
Editor requested this worker to shutdown with reason: Scaling down because of idle timeout
AssetImportWorkerClient::OnTransportError - code=2 error=End of file
AcceleratorClientConnectionCallback - disconnected - :0
AssetImportWorker is now disconnected from the server
Process exiting
Exiting without the bug reporter. Application will terminate with return code 0