[Licensing::Module] Trying to connect to existing licensing client channel...
Built from '6000.5/staging' branch; Version is '6000.5.0f1 (88b47c5e7076) revision 8959100'; Using compiler version '194234433'; Build Type 'Release'
[Licensing::IpcConnector] Successfully connected to: "LicenseClient-bisiy" at "2026-07-02T16:16:11.837762Z"
OS: 'Windows 11  (10.0.26200) Core' Language: 'tr' Physical Memory: 16197 MB
BatchMode: 0, IsHumanControllingUs: 1, StartBugReporterOnCrash: 1, Is64bit: 1
System  architecture: x64
Process architecture: x64
Date: 2026-07-02T16:16:11Z

COMMAND LINE ARGUMENTS:
C:\Program Files\Unity\Hub\Editor\6000.5.0f1\Editor\Unity.exe
-projectpath
C:\Users\bisiy\YeniProje
-acceptSoftwareTermsForThisRunOnly
-useHub
-hubIPC
-cloudEnvironment
production
-licensingIpc
LicenseClient-bisiy
-hubSessionId
7678fb7b-616f-44cc-9d1e-d8b9fc754d12
-accessToken
3SvORZm8xCxA2U5aw7IyWk1BQ5XKDnNQ_MQJrcJ1O2A011f
Successfully changed project path to: C:\Users\bisiy\YeniProje
C:/Users/bisiy/YeniProje
[UnityMemory] Configuration Parameters - Can be set up in boot.config
    "memorysetup-temp-allocator-size-gi-baking-worker=262144"
    "memorysetup-temp-allocator-size-gi-baking-worker=262144"
    "memorysetup-temp-allocator-size-gi-baking-worker=262144"
    "memorysetup-temp-allocator-size-gi-baking-worker=262144"
    "memorysetup-temp-allocator-size-gi-baking-worker=262144"
    "memorysetup-temp-allocator-size-nav-mesh-worker=65536"
    "memorysetup-temp-allocator-size-audio-worker=65536"
    "memorysetup-temp-allocator-size-cloud-worker=32768"
    "memorysetup-temp-allocator-size-gfx=262144"
    "memorysetup-temp-allocator-size-preload-manager=33554432"
    "memorysetup-allocator-temp-initial-block-size-main=262144"
    "memorysetup-allocator-temp-initial-block-size-worker=262144"
    "memorysetup-temp-allocator-size-job-worker=262144"
    "memorysetup-temp-allocator-size-background-worker=32768"
    "memorysetup-bucket-allocator-granularity=16"
    "memorysetup-bucket-allocator-bucket-count=8"
    "memorysetup-bucket-allocator-block-size=33554432"
    "memorysetup-bucket-allocator-block-count=8"
    "memorysetup-main-allocator-block-size=16777216"
    "memorysetup-thread-allocator-block-size=16777216"
    "memorysetup-main-allocator-mimalloc-enabled=0"
    "memorysetup-gfx-main-allocator-block-size=16777216"
    "memorysetup-gfx-thread-allocator-block-size=16777216"
    "memorysetup-cache-allocator-block-size=4194304"
    "memorysetup-typetree-allocator-block-size=2097152"
    "memorysetup-profiler-bucket-allocator-granularity=16"
    "memorysetup-profiler-bucket-allocator-bucket-count=8"
    "memorysetup-profiler-bucket-allocator-block-size=33554432"
    "memorysetup-profiler-bucket-allocator-block-count=8"
    "memorysetup-profiler-allocator-block-size=16777216"
    "memorysetup-profiler-editor-allocator-block-size=1048576"
    "memorysetup-temp-allocator-size-main=16777216"
    "memorysetup-job-temp-allocator-block-size=2097152"
    "memorysetup-job-temp-allocator-block-size-background=1048576"
    "memorysetup-job-temp-allocator-reduction-small-platforms=262144"
Player connection [13444]  Target information:

Player connection [13444]  * "[IP] 172.21.4.151 [Port] 55504 [Flags] 2 [Guid] 623501049 [EditorId] 623501049 [Version] 1048832 [Id] WindowsEditor(7,DESKTOP-J57DBAM) [Debug] 1 [PackageName] WindowsEditor [ProjectName] Editor" 

Player connection [13444]  * "[IP] 192.168.1.11 [Port] 55504 [Flags] 2 [Guid] 623501049 [EditorId] 623501049 [Version] 1048832 [Id] WindowsEditor(7,DESKTOP-J57DBAM) [Debug] 1 [PackageName] WindowsEditor [ProjectName] Editor" 

Player connection [13444] Host joined multi-casting on [225.0.0.222:54997]...
Player connection [13444] Host joined alternative multi-casting on [225.0.0.222:34997]...
Input System module state changed to: Initialized.
[Physics::Module] Initialized fallback backend.
[Physics::Module] Id: 0xdecafbad
[Package Manager] Connected to IPC stream "Upm-25056" after 0.2 seconds.
[Licensing::Module] Licensing is not yet initialized.
[Licensing::Client] Error: HandshakeResponse reported an error:
	ResponseCode: 505
	ResponseStatus: Unsupported protocol version '1.18.1'.
[Licensing::Module] Error: Failed to handshake to channel: "LicenseClient-bisiy"
[Licensing::IpcConnector] LicenseClient-bisiy channel disconnected successfully.
[Licensing::IpcConnector] Channel LicenseClient-bisiy-6000.5.0 doesn't exist
[Licensing::Module] Successfully launched the LicensingClient (PId: 11876)
Starting IPC server.
Waiting for clients to connect on \\.\pipe\Unity-LicenseClient-bisiy-6000.5.0, press Ctrl-C to exit.
[Licensing::IpcConnector] Successfully connected to: "LicenseClient-bisiy-6000.5.0" at "2026-07-02T16:16:14.9251321Z"
[Licensing::Client] Code 10 while verifying Licensing Client signature (process Id: 11876, path: "C:/Program Files/Unity/Hub/Editor/6000.5.0f1/Editor/Data/Resources/Licensing/Client/Unity.Licensing.Client.exe")
[Licensing::Module] LicensingClient has failed validation; ignoring
[Licensing::Client] Handshaking with LicensingClient:
  Version:                 1.18.1+9fbee8e
  Session Id:              8a6aa6ffc0944c5cad1df3c59bf24114
  Correlation Id:          4366a25d483b3e681125898d7788d0c1
  External correlation Id: 4371519303135553826
  Machine Id:              VrHzoFdvz6keXhartjgc/5NzFEg=
[Licensing::Module] Successfully connected to LicensingClient on channel: "LicenseClient-bisiy-6000.5.0" (connect: 0.37s, validation: 0.20s, handshake: 0.01s)
[Licensing::IpcConnector] Successfully connected to: "LicenseClient-bisiy-6000.5.0-notifications" at "2026-07-02T16:16:15.1341416Z"
[Licensing::Module] Connected to LicensingClient (PId: 11876, launch time: 0.01, total connection time: 0.58s)
[Licensing::Client] Successfully updated the access token
[Licensing::Module] Successfully updated the access token 3SvORZm8xC...
[Licensing::Client] Successfully resolved entitlement details
[Licensing::Module] License group:
  Id: 18966810380067-UnityPersXXXX
  Product: Unity Personal
  Type: Assigned
  Expiration: Unlimited
[Licensing::Client] Successfully updated license, isAsync: True, time: 0.01
[Licensing::Client] Successfully resolved entitlement details
[Licensing::Module] Licensing Background thread has ended after 3.34s
[Licensing::Module] Licensing is initialized (took 2.82s).
[Licensing::Client] Successfully resolved entitlement details
Library Redirect Path: Library/
[Physics::Module] Selected backend.
[Physics::Module] Name: PhysX
[Physics::Module] Id: 0xf2b8ea05
[Physics::Module] SDK Version: 4.1.2
[Physics::Module] Integration Version: 1.0.0
[Physics::Module] Threading Mode: Multi-Threaded
Active build profile path: `Assets/Settings/Build Profiles/Android™.asset`
Got setting from build profile YAML, name `m_BuildSubtarget`, value `0`
Artifact Garbage Collection - Removed 1 unused hashed content files
[Licensing::Client] Successfully resolved entitlement details
Got setting from build profile YAML, name `m_BuildTarget`, value `13`
Got setting from build profile YAML, name `m_Subtarget`, value `0`
Refreshing native plugins compatible for Editor in 2.92 ms, found 0 plugins.
Initialize engine version: 6000.5.0f1 (88b47c5e7076)
[Subsystems] Discovering subsystems at path C:/Program Files/Unity/Hub/Editor/6000.5.0f1/Editor/Data/Resources/UnitySubsystems
[Subsystems] Discovering subsystems at path C:/Users/bisiy/YeniProje/Assets
[D3D12 Device Filter] Vendor Name: NVIDIA
[D3D12 Device Filter] Device Name: NVIDIA GeForce RTX 4060
[D3D12 Device Filter] Driver Version: 32.0.16.1047
[D3D12 Device Filter] Feature Level: 12.2
[D3D12 Device Filter] Graphics Memory: 7956 MB
[D3D12 Device Filter] Processor Count: 12
[D3D12 Device Filter] Device Type: Discrete
GfxDevice: creating device client; kGfxThreadingModeSplitJobs
d3d12: failed to query info queue interface (0x80004002).
Direct3D:
    Version:         Direct3D 12 [level 12.2]
    Renderer:        NVIDIA GeForce RTX 4060 (ID=0x2882)
    Vendor:          NVIDIA
    VRAM:            7956 MB
    App VRAM Budget: 7188 MB
    Driver:          32.0.16.1047
Got setting from build profile YAML, name `m_BuildSubtarget`, value `0`
Got setting from build profile YAML, name `m_BuildSubtarget`, value `0`
Got setting from build profile YAML, name `m_BuildSubtarget`, value `0`
Initialize mono
Mono path[0] = 'C:/Program Files/Unity/Hub/Editor/6000.5.0f1/Editor/Data/Managed'
Mono path[1] = 'C:/Program Files/Unity/Hub/Editor/6000.5.0f1/Editor/Data/BCLExtensions/runtime/netstandard2.1'
Mono path[2] = 'C:/Program Files/Unity/Hub/Editor/6000.5.0f1/Editor/Data/MonoBleedingEdge/lib/mono/unityjit-win32'
Mono config path = 'C:/Program Files/Unity/Hub/Editor/6000.5.0f1/Editor/Data/MonoBleedingEdge/etc'
Using monoOptions --debugger-agent=transport=dt_socket,embedding=1,server=y,suspend=n,address=127.0.0.1:56056
CodeReloadManager initialized
ImportWorker Server TCP listen port: 0
AcceleratorClientConnectionCallback - disconnected - :0
Got setting from build profile YAML, name `m_BuildSubtarget`, value `0`
Got setting from build profile YAML, name `m_BuildSubtarget`, value `0`
Begin MonoManager ReloadAssembly
Registering precompiled unity dll's ...
Register platform support module: C:/Program Files/Unity/Hub/Editor/6000.5.0f1/Editor/Data/PlaybackEngines/WebGLSupport/UnityEditor.WebGL.Extensions.dll
Register platform support module: C:/Program Files/Unity/Hub/Editor/6000.5.0f1/Editor/Data/PlaybackEngines/WindowsStandaloneSupport/UnityEditor.WindowsStandalone.Extensions.dll
Register platform support module: C:/Program Files/Unity/Hub/Editor/6000.5.0f1/Editor/Data/PlaybackEngines/AndroidPlayer/UnityEditor.Android.Extensions.dll
Registered in 0.006866 seconds.
Got setting from build profile YAML, name `m_BuildSubtarget`, value `0`
Got setting from build profile YAML, name `m_BuildSubtarget`, value `0`
Got setting from build profile YAML, name `m_BuildSubtarget`, value `0`
Got setting from build profile YAML, name `m_BuildSubtarget`, value `0`
Native extension for Android target not found
Native extension for WindowsStandalone target not found
Native extension for WebGL target not found
Package Manager log level set to [2]
ScheduleIndexationOnStartup MainProcess:False IndexOnStartup:True
Mono: successfully reloaded assembly
- Finished resetting the current domain, in  0.469 seconds
Domain Reload Profiling: 1053ms
	BeginReloadAssembly (167ms)
		CreateAndSetChildDomain (21ms)
	RebuildCommonClasses (6ms)
	RebuildNativeTypeToScriptingClass (21ms)
	initialDomainReloadingComplete (77ms)
	LoadAllAssembliesAndSetupDomain (309ms)
		LoadAssemblies (145ms)
		AnalyzeDomain (230ms)
			TypeCache.Refresh (228ms)
				TypeCache.ScanAssembly (211ms)
	FinalizeReload (472ms)
		SetupLoadedEditorAssemblies (0ms)
			InitializePlatformSupportModulesInManaged (99ms)
			BeforeProcessingInitializeOnLoad (82ms)
			ProcessInitializeOnLoadAttributes (99ms)
			ProcessInitializeOnLoadMethodAttributes (110ms)
[Licensing::Client] Successfully resolved entitlement details
[Licensing::Client] Successfully resolved entitlement details
Application.AssetDatabase Initial Refresh Start
[Package Manager] Restoring resolved packages state from cache
[Licensing::Client] Successfully resolved entitlement details
[Package Manager] Registered 70 packages:
  Packages from [https://packages.unity.com]:
    com.unity.2d.animation@15.1.0 (location: C:\Users\bisiy\YeniProje\Library\PackageCache\com.unity.2d.animation@6d5a363ae647)
    com.unity.2d.aseprite@5.0.3 (location: C:\Users\bisiy\YeniProje\Library\PackageCache\com.unity.2d.aseprite@d13865913efa)
    com.unity.2d.psdimporter@14.0.3 (location: C:\Users\bisiy\YeniProje\Library\PackageCache\com.unity.2d.psdimporter@5d82044f9e43)
    com.unity.2d.spriteshape@15.0.3 (location: C:\Users\bisiy\YeniProje\Library\PackageCache\com.unity.2d.spriteshape@fcb7ec61a58b)
    com.unity.2d.tilemap.extras@8.0.3 (location: C:\Users\bisiy\YeniProje\Library\PackageCache\com.unity.2d.tilemap.extras@a80140457adc)
    com.unity.2d.tooling@3.0.1 (location: C:\Users\bisiy\YeniProje\Library\PackageCache\com.unity.2d.tooling@6f06ffb033c0)
    com.unity.collab-proxy@2.12.4 (location: C:\Users\bisiy\YeniProje\Library\PackageCache\com.unity.collab-proxy@0b1559bcd34e)
    com.unity.device-simulator.devices@1.0.1 (location: C:\Users\bisiy\YeniProje\Library\PackageCache\com.unity.device-simulator.devices@2af643ceec84)
    com.unity.ide.rider@3.0.38 (location: C:\Users\bisiy\YeniProje\Library\PackageCache\com.unity.ide.rider@1f60b3138684)
    com.unity.ide.visualstudio@2.0.26 (location: C:\Users\bisiy\YeniProje\Library\PackageCache\com.unity.ide.visualstudio@a99d56dec63f)
    com.unity.inputsystem@1.19.0 (location: C:\Users\bisiy\YeniProje\Library\PackageCache\com.unity.inputsystem@21a28c3a6c83)
    com.unity.postprocessing@3.5.4 (location: C:\Users\bisiy\YeniProje\Library\PackageCache\com.unity.postprocessing@141166b789e3)
    com.unity.purchasing@5.3.1 (location: C:\Users\bisiy\YeniProje\Library\PackageCache\com.unity.purchasing@b69b97f74d28)
    com.unity.timeline@1.8.12 (location: C:\Users\bisiy\YeniProje\Library\PackageCache\com.unity.timeline@8cd8509afae5)
    com.unity.visualscripting@1.9.11 (location: C:\Users\bisiy\YeniProje\Library\PackageCache\com.unity.visualscripting@8bed5ad90189)
    com.unity.services.core@1.18.0 (location: C:\Users\bisiy\YeniProje\Library\PackageCache\com.unity.services.core@3464cb68d709)
    com.unity.2d.common@14.0.1 (location: C:\Users\bisiy\YeniProje\Library\PackageCache\com.unity.2d.common@73badf92ba8b)
    com.unity.searcher@4.9.4 (location: C:\Users\bisiy\YeniProje\Library\PackageCache\com.unity.searcher@d45a78918735)
    com.unity.burst@1.8.29 (location: C:\Users\bisiy\YeniProje\Library\PackageCache\com.unity.burst@6bb9aca3ef38)
    com.unity.nuget.newtonsoft-json@3.2.2 (location: C:\Users\bisiy\YeniProje\Library\PackageCache\com.unity.nuget.newtonsoft-json@4dfd81071c64)
    com.unity.nuget.mono-cecil@1.11.6 (location: C:\Users\bisiy\YeniProje\Library\PackageCache\com.unity.nuget.mono-cecil@ecb9724e46ff)
    com.unity.test-framework.performance@3.5.0 (location: C:\Users\bisiy\YeniProje\Library\PackageCache\com.unity.test-framework.performance@8b56083ec0f0)
  Built-in packages:
    com.unity.2d.sprite@1.0.0 (location: C:\Users\bisiy\YeniProje\Library\PackageCache\com.unity.2d.sprite@053a968eab56)
    com.unity.2d.tilemap@1.0.0 (location: C:\Users\bisiy\YeniProje\Library\PackageCache\com.unity.2d.tilemap@be0bacb99591)
    com.unity.multiplayer.center@1.0.1 (location: C:\Users\bisiy\YeniProje\Library\PackageCache\com.unity.multiplayer.center@b860850997d0)
    com.unity.render-pipelines.universal@17.5.0 (location: C:\Users\bisiy\YeniProje\Library\PackageCache\com.unity.render-pipelines.universal@0c18adc4ff89)
    com.unity.test-framework@1.7.0 (location: C:\Users\bisiy\YeniProje\Library\PackageCache\com.unity.test-framework@f3e6c9a02477)
    com.unity.ugui@2.5.0 (location: C:\Users\bisiy\YeniProje\Library\PackageCache\com.unity.ugui@4f9b15fd1386)
    com.unity.modules.accessibility@1.0.0 (location: C:\Users\bisiy\YeniProje\Library\PackageCache\com.unity.modules.accessibility)
    com.unity.modules.adaptiveperformance@1.0.0 (location: C:\Users\bisiy\YeniProje\Library\PackageCache\com.unity.modules.adaptiveperformance)
    com.unity.modules.ai@1.0.0 (location: C:\Users\bisiy\YeniProje\Library\PackageCache\com.unity.modules.ai)
    com.unity.modules.androidjni@1.0.0 (location: C:\Users\bisiy\YeniProje\Library\PackageCache\com.unity.modules.androidjni)
    com.unity.modules.animation@1.0.0 (location: C:\Users\bisiy\YeniProje\Library\PackageCache\com.unity.modules.animation)
    com.unity.modules.assetbundle@1.0.0 (location: C:\Users\bisiy\YeniProje\Library\PackageCache\com.unity.modules.assetbundle)
    com.unity.modules.audio@1.0.0 (location: C:\Users\bisiy\YeniProje\Library\PackageCache\com.unity.modules.audio)
    com.unity.modules.cloth@1.0.0 (location: C:\Users\bisiy\YeniProje\Library\PackageCache\com.unity.modules.cloth)
    com.unity.modules.director@1.0.0 (location: C:\Users\bisiy\YeniProje\Library\PackageCache\com.unity.modules.director)
    com.unity.modules.imageconversion@1.0.0 (location: C:\Users\bisiy\YeniProje\Library\PackageCache\com.unity.modules.imageconversion)
    com.unity.modules.imgui@1.0.0 (location: C:\Users\bisiy\YeniProje\Library\PackageCache\com.unity.modules.imgui)
    com.unity.modules.jsonserialize@1.0.0 (location: C:\Users\bisiy\YeniProje\Library\PackageCache\com.unity.modules.jsonserialize)
    com.unity.modules.particlesystem@1.0.0 (location: C:\Users\bisiy\YeniProje\Library\PackageCache\com.unity.modules.particlesystem)
    com.unity.modules.physics@1.0.0 (location: C:\Users\bisiy\YeniProje\Library\PackageCache\com.unity.modules.physics)
    com.unity.modules.physics2d@1.0.0 (location: C:\Users\bisiy\YeniProje\Library\PackageCache\com.unity.modules.physics2d)
    com.unity.modules.physicscore2d@1.0.0 (location: C:\Users\bisiy\YeniProje\Library\PackageCache\com.unity.modules.physicscore2d)
    com.unity.modules.screencapture@1.0.0 (location: C:\Users\bisiy\YeniProje\Library\PackageCache\com.unity.modules.screencapture)
    com.unity.modules.terrain@1.0.0 (location: C:\Users\bisiy\YeniProje\Library\PackageCache\com.unity.modules.terrain)
    com.unity.modules.terrainphysics@1.0.0 (location: C:\Users\bisiy\YeniProje\Library\PackageCache\com.unity.modules.terrainphysics)
    com.unity.modules.tilemap@1.0.0 (location: C:\Users\bisiy\YeniProje\Library\PackageCache\com.unity.modules.tilemap)
    com.unity.modules.ui@1.0.0 (location: C:\Users\bisiy\YeniProje\Library\PackageCache\com.unity.modules.ui)
    com.unity.modules.uielements@1.0.0 (location: C:\Users\bisiy\YeniProje\Library\PackageCache\com.unity.modules.uielements)
    com.unity.modules.umbra@1.0.0 (location: C:\Users\bisiy\YeniProje\Library\PackageCache\com.unity.modules.umbra)
    com.unity.modules.unityanalytics@1.0.0 (location: C:\Users\bisiy\YeniProje\Library\PackageCache\com.unity.modules.unityanalytics)
    com.unity.modules.unitywebrequest@1.0.0 (location: C:\Users\bisiy\YeniProje\Library\PackageCache\com.unity.modules.unitywebrequest)
    com.unity.modules.unitywebrequestassetbundle@1.0.0 (location: C:\Users\bisiy\YeniProje\Library\PackageCache\com.unity.modules.unitywebrequestassetbundle)
    com.unity.modules.unitywebrequestaudio@1.0.0 (location: C:\Users\bisiy\YeniProje\Library\PackageCache\com.unity.modules.unitywebrequestaudio)
    com.unity.modules.unitywebrequesttexture@1.0.0 (location: C:\Users\bisiy\YeniProje\Library\PackageCache\com.unity.modules.unitywebrequesttexture)
    com.unity.modules.unitywebrequestwww@1.0.0 (location: C:\Users\bisiy\YeniProje\Library\PackageCache\com.unity.modules.unitywebrequestwww)
    com.unity.modules.vectorgraphics@1.0.0 (location: C:\Users\bisiy\YeniProje\Library\PackageCache\com.unity.modules.vectorgraphics)
    com.unity.modules.vehicles@1.0.0 (location: C:\Users\bisiy\YeniProje\Library\PackageCache\com.unity.modules.vehicles)
    com.unity.modules.video@1.0.0 (location: C:\Users\bisiy\YeniProje\Library\PackageCache\com.unity.modules.video)
    com.unity.modules.wind@1.0.0 (location: C:\Users\bisiy\YeniProje\Library\PackageCache\com.unity.modules.wind)
    com.unity.modules.xr@1.0.0 (location: C:\Users\bisiy\YeniProje\Library\PackageCache\com.unity.modules.xr)
    com.unity.modules.subsystems@1.0.0 (location: C:\Users\bisiy\YeniProje\Library\PackageCache\com.unity.modules.subsystems)
    com.unity.modules.hierarchycore@1.0.0 (location: C:\Users\bisiy\YeniProje\Library\PackageCache\com.unity.modules.hierarchycore)
    com.unity.ext.nunit@2.1.0 (location: C:\Users\bisiy\YeniProje\Library\PackageCache\com.unity.ext.nunit@44f7d31723bd)
    com.unity.render-pipelines.core@17.5.0 (location: C:\Users\bisiy\YeniProje\Library\PackageCache\com.unity.render-pipelines.core@f43b729f1f6e)
    com.unity.shadergraph@17.5.0 (location: C:\Users\bisiy\YeniProje\Library\PackageCache\com.unity.shadergraph@3fa956880a81)
    com.unity.render-pipelines.universal-config@17.5.0 (location: C:\Users\bisiy\YeniProje\Library\PackageCache\com.unity.render-pipelines.universal-config@fdda01c80fe3)
    com.unity.mathematics@1.4.0 (location: C:\Users\bisiy\YeniProje\Library\PackageCache\com.unity.mathematics@981956d94fb6)
    com.unity.collections@6.5.0 (location: C:\Users\bisiy\YeniProje\Library\PackageCache\com.unity.collections@a43cabe808ca)
[Subsystems] No new subsystems found in resolved package list.
[Package Manager] Done registering packages in 0.01 seconds
info: Microsoft.Hosting.Lifetime[14]
      Now listening on: http://localhost:80
info: Microsoft.Hosting.Lifetime[0]
      Application started. Press Ctrl+C to shut down.
info: Microsoft.Hosting.Lifetime[0]
      Hosting environment: Production
info: Microsoft.Hosting.Lifetime[0]
      Content root path: C:\Users\bisiy\YeniProje
info: Microsoft.AspNetCore.Hosting.Diagnostics[1]
      Request starting HTTP/2 POST http://ilpp/UnityILPP.PostProcessing/Ping - application/grpc -
info: Microsoft.AspNetCore.Routing.EndpointMiddleware[0]
      Executing endpoint 'gRPC - /UnityILPP.PostProcessing/Ping'
info: Microsoft.AspNetCore.Routing.EndpointMiddleware[1]
      Executed endpoint 'gRPC - /UnityILPP.PostProcessing/Ping'
info: Microsoft.AspNetCore.Hosting.Diagnostics[2]
      Request finished HTTP/2 POST http://ilpp/UnityILPP.PostProcessing/Ping - 200 - application/grpc 35.5640ms
Starting: C:\Program Files\Unity\Hub\Editor\6000.5.0f1\Editor\Data\Tools\BuildPipeline\bee_backend.exe --ipc --defer-dag-verification --dagfile="Library/Bee/1300b0aE.dag" --continue-on-failure --profile="Library/Bee/backend1.traceevents" ScriptAssemblies
WorkingDir: C:/Users/bisiy/YeniProje
info: Microsoft.AspNetCore.Hosting.Diagnostics[1]
      Request starting HTTP/2 POST http://ilpp/UnityILPP.PostProcessing/ConfigurePostProcessors - application/grpc -
info: Microsoft.AspNetCore.Routing.EndpointMiddleware[0]
      Executing endpoint 'gRPC - /UnityILPP.PostProcessing/ConfigurePostProcessors'
warn: Unity.ILPP.Runner.PostProcessingAssemblyLoadContext[0]
      Assembly system.runtime.interopservices.windowsruntime has duplicate hint path. Ignoring "C:\Program Files\Unity\Hub\Editor\6000.5.0f1\Editor\Data\UnityReferenceAssemblies\unity-4.8-api\Facades\System.Runtime.InteropServices.WindowsRuntime.dll" in favor of "C:\Program Files\Unity\Hub\Editor\6000.5.0f1\Editor\Data\NetStandard\Extensions\2.0.0\System.Runtime.InteropServices.WindowsRuntime.dll"
warn: Unity.ILPP.Runner.PostProcessingAssemblyLoadContext[0]
      Assembly system.componentmodel.composition has duplicate hint path. Ignoring "C:\Program Files\Unity\Hub\Editor\6000.5.0f1\Editor\Data\UnityReferenceAssemblies\unity-4.8-api\System.ComponentModel.Composition.dll" in favor of "C:\Program Files\Unity\Hub\Editor\6000.5.0f1\Editor\Data\NetStandard\compat\2.1.0\shims\netfx\System.ComponentModel.Composition.dll"
info: Unity.ILPP.Runner.PostProcessingAssemblyLoadContext[0]
      Resolved Unity.Burst.Cecil, Version=0.11.6.0, Culture=neutral, PublicKeyToken=50cebf1cceb9d05e with Library\PackageCache\com.unity.burst@6bb9aca3ef38\Unity.Burst.CodeGen\Unity.Burst.Cecil.dll
info: Unity.ILPP.Runner.PostProcessingAssemblyLoadContext[0]
      Resolved Mono.Cecil, Version=0.11.5.0, Culture=neutral, PublicKeyToken=50cebf1cceb9d05e with Library\PackageCache\com.unity.nuget.mono-cecil@ecb9724e46ff\Mono.Cecil.dll
info: Microsoft.AspNetCore.Routing.EndpointMiddleware[1]
      Executed endpoint 'gRPC - /UnityILPP.PostProcessing/ConfigurePostProcessors'
info: Microsoft.AspNetCore.Hosting.Diagnostics[2]
      Request finished HTTP/2 POST http://ilpp/UnityILPP.PostProcessing/ConfigurePostProcessors - 200 - application/grpc 77.8040ms
ExitCode: 0 Duration: 0s552ms
[ 485/1431  0s] WriteResponseFile Library/Bee/artifacts/rsp/4747638433968585886.rsp
[1097/1431  0s] ILPP-Configuration Library/ilpp-configuration.nevergeneratedoutput
*** Tundra build success (0.50 seconds), 2 items updated, 1431 evaluated
AssetDatabase: script compilation time: 1.569908s
Begin MonoManager ReloadAssembly
Symbol file LoadedFromMemory is not a mono symbol file
Refreshing native plugins compatible for Editor in 73.74 ms, found 5 plugins.
Native extension for Android target not found
Native extension for WindowsStandalone target not found
Native extension for WebGL target not found
Refreshing native plugins compatible for Editor in 6.40 ms, found 5 plugins.
ScheduleIndexationOnStartup MainProcess:True IndexOnStartup:True
Mono: successfully reloaded assembly
- Finished resetting the current domain, in  3.744 seconds
Domain Reload Profiling: 4944ms
	BeginReloadAssembly (346ms)
		DisableScriptedObjects (48ms)
		CreateAndSetChildDomain (150ms)
	RebuildCommonClasses (7ms)
	RebuildNativeTypeToScriptingClass (14ms)
	initialDomainReloadingComplete (51ms)
	LoadAllAssembliesAndSetupDomain (782ms)
		LoadAssemblies (496ms)
		AnalyzeDomain (273ms)
			TypeCache.Refresh (187ms)
				TypeCache.ScanAssembly (171ms)
			BuildScriptInfoCaches (76ms)
			ResolveRequiredComponents (8ms)
	FinalizeReload (3745ms)
		SetupLoadedEditorAssemblies (0ms)
			InitializePlatformSupportModulesInManaged (14ms)
			BeforeProcessingInitializeOnLoad (88ms)
			ProcessInitializeOnLoadAttributes (2899ms)
			ProcessInitializeOnLoadMethodAttributes (393ms)
			AfterProcessingInitializeOnLoad (5ms)
		AwakeInstancesAfterBackupRestoration (24ms)
Starting new worker id: 0 with log in C:/Users/bisiy/YeniProje/Logs/AssetImportWorkerHW0.log

Asset Pipeline Refresh (id=b070e3c5adf3a0041a0413117af5422d): Total: 8.175 seconds - Initiated by InitialRefreshV2(ForceSynchronousImport)
	(Values over 0.05ms)
	Summary:
		Imports: total=0 (actual=0, local cache=0, cache server=0)
		Asset DB Process Time: managed=0 ms, native=5219 ms
		Asset DB Callback time: managed=44 ms, native=21 ms
		Scripting: domain reloads=1, domain reload time=1254 ms, compile time=1571 ms, other=65 ms
		Project Asset Count: scripts=2001, non-scripts=4479
		Asset File Changes: new=0, changed=0, moved=0, deleted=0
		Scan Filter Count: 0
	InvokePackagesCallback: 22.252ms
	ApplyChangesToAssetFolders: 0.665ms
	Scan: 380.530ms
	Collect global state as custom dependencies: 6.521ms
	CategorizeScriptCompilationAssets: 168.281ms
	ProcessAssetsWithTransientArtifactChanges: 83.117ms
	CategorizeAssets: 69.832ms
	CompileScripts: 1571.104ms
	ImportOutOfDateAssets: 3915.698ms (3846.192ms without children)
		UnloadImportedAssets: 0.556ms
		EnsureUptoDateAssetsAreRegisteredWithGuidPM: 0.891ms
		ImportSchedulerStart: 68.018ms
	PostProcessAllAssets: 44.363ms
		MonoPostProcessAllAssets: 44.307ms
			UniversalRenderPipelineGlobalSettingsPostprocessor.OnPostprocessAllAssets 13.603ms
			SyncVS.PostprocessSyncProject 12.823ms
			WindowAssetPostprocessingWatcher.OnPostprocessAllAssets 2.035ms
			SpeedTree9Postprocessor.OnPostprocessAllAssets 1.963ms
			RenderPipelineGlobalSettingsPostprocessor.OnPostprocessAllAssets 1.181ms
			ShaderReflectionAssetPostProcessor.OnPostprocessAllAssets 0.365ms
			ReferencedClipsPostProcessor.OnPostprocessAllAssets 0.327ms
			InputActionAssetPostprocessor.OnPostprocessAllAssets 0.275ms
			TerrainToolbarOverlayPostProcessor.OnPostprocessAllAssets 0.191ms
			AssetDatabaseCallbacks.OnPostprocessAllAssets 0.163ms
			ProjectSettingsPostprocessor.OnPostprocessAllAssets 0.148ms
	UnloadStreamsBegin: 3.062ms
	PersistCurrentRevisions: 0.232ms
	GenerateScriptTypeHashes: 2.468ms
	GenerateScriptTypeSerializationHashes: 4.830ms
	Untracked: 1904.694ms

Application.AssetDatabase Initial Refresh End
Launched and connected shader compiler UnityShaderCompiler.exe after 0.02 seconds
Scanning for USB devices : 3.333ms
Initializing Unity extensions:
[MODES] ModeService[none].Initialize
[MODES] ModeService[none].LoadModes
[MODES] Loading mode Default (0) for mode-current-id-Fingerkick Arena
Unloading 46 Unused Serialized files (Serialized files now loaded: 0)
Loaded scene 'Assets/aa.unity'
	Deserialize:            67.254 ms
	Integration:            430.437 ms
	Integration of assets:  5.891 ms
	Thread Wait Time:       0.779 ms
	Total Operation Time:   504.361 ms
Unloading 8410 unused Assets / (9.5 MB). Loaded Objects now: 9544.
Memory consumption went from 482.0 MB to 472.5 MB.
Total: 16.055500 ms (FindLiveObjects: 1.193900 ms CreateObjectMapping: 3.620500 ms MarkObjects: 7.561700 ms  DeleteObjects: 3.494100 ms)

[LAYOUT] About to load UserSettings\Layouts\default-6000.dwlt, keepMainWindow=False
Worker ready: AssetImportWorkerHW0 0
[LAYOUT] About to save layout C:\Users\bisiy\YeniProje\UserSettings\Layouts\default-6000.dwlt
[LAYOUT] About to save layout C:/Users/bisiy/AppData/Roaming/Unity/Editor-5.x/Preferences\Layouts\current\default-6000.dwlt
[MODES] ModeService[default].InitializeCurrentMode
[MODES] ModeService[default].RaiseModeChanged(default, default)
This project uses Input Manager, which is marked for deprecation. To manage input in your project, use the <a href="https://docs.unity3d.com/Packages/com.unity.inputsystem@latest">Input System package</a> instead.
<RI> Initializing input.
Using Windows.Gaming.Input
<RI> Input initialized.
[Project] Loading completed in 19.158 seconds
	Project init time: 				15.334 seconds
		Template init time: 		0.000 seconds
		Package Manager init time: 		3.063 seconds
		Asset Database init time: 		0.550 seconds
		Global illumination init time: 	0.009 seconds
		Assemblies load time: 			1.199 seconds
		Unity extensions init time: 	0.045 seconds
		Asset Database refresh time: 	8.176 seconds
	Scene opening time: 			2.816 seconds
##utp:{"type":"ProjectInfo","version":2,"phase":"Immediate","time":1783008990983,"processId":25056,"projectLoad":19.1576611,"projectInit":15.3335328,"templateInit":0.0,"packageManagerInit":3.0634297,"assetDatabaseInit":0.5501221,"globalIlluminationInit":0.0093026,"assembliesLoad":1.1994313,"unityExtensionsInit":0.0448533,"assetDatabaseRefresh":8.1761817,"sceneOpening":2.8163946}
##utp:{"type":"EditorInfo","version":2,"phase":"Immediate","time":1783008990984,"processId":25056,"editorVersion":"6000.5.0f1 (88b47c5e7076)","branch":"6000.5/staging","buildType":"Release","platform":"Windows"}
Asset Pipeline Refresh (id=8b3b1d1c66d4d1e49add293c5216274d): Total: 0.118 seconds - Initiated by RefreshV2(AllowForceSynchronousImport)
[Licensing::Client] Successfully resolved entitlement details
[Licensing::Client] Successfully resolved entitlement details
[Licensing::Client] Successfully resolved entitlement details
[Licensing::Client] Successfully updated the access token
[Licensing::Module] Successfully updated access token: "3SvORZm8"... (expires: 2026-07-02T17:42:37Z)
Created GICache directory at C:/Users/bisiy/AppData/LocalLow/Unity/Caches/GiCache. Took: 0.023s, timestamps: [21.134 - 21.157]
[Licensing::Client] Successfully resolved entitlement details
Android Extension - Scanning For ADB Devices 3668 ms
Android Extension - Scanning For ADB Devices 181 ms
UPID Received '1d4271f5-57ae-476e-a844-530110858ada'.
Attempted to call .Dispose on an already disposed CancellationTokenSource
Android Extension - Scanning For ADB Devices 165 ms
Android Extension - Scanning For ADB Devices 168 ms
Asset Pipeline Refresh (id=34be084f816ea8042b686b7da0698a8c): Total: 0.003 seconds - Initiated by RefreshV2(AllowForceSynchronousImport)
Start Indexing on Editor startup
[Indexing] Starting Initial Indexing for Assets
Request Asset Garbage Collect because used heap size increased from 473.0 MB to 0.71 GB, exceeding the threshold of 256.0 MB.
Unloading 1 Unused Serialized files (Serialized files now loaded: 0)
Unloading 93 unused Assets / (17.2 MB). Loaded Objects now: 10799.
Memory consumption went from 0.71 GB to 0.70 GB.
Total: 23.569600 ms (FindLiveObjects: 0.460000 ms CreateObjectMapping: 1.615700 ms MarkObjects: 17.293100 ms  DeleteObjects: 4.199500 ms)

Starting new worker id: 1 with log in C:/Users/bisiy/YeniProje/Logs/AssetImportWorkerHW1.log
[Worker0] Imported GUID: 569bd1d77d646ac4dba60ca86d12358a - Path: Assets/script/TopFizik.cs - Importer: ScriptedImporter/UnityEditor.QuickSearchModule:UnityEditor.Search:ASIAI0B -> (ImportResultId: 'c71d522e480cab5df5172304b651ce8f') in 0.1034214 seconds
[Worker0] Imported GUID: 66f5463b4ae23514984f9d17166e86bb - Path: Assets/aa.unity - Importer: ScriptedImporter/UnityEditor.QuickSearchModule:UnityEditor.Search:ASIAI0B -> (ImportResultId: '6a150c1f6217c6a1b83cbcff09ceed7c') in 0.0269461 seconds
[Worker0] Imported GUID: 708d8b0ced941294d83937e3deb031dc - Path: Assets/TopCarpma.physicsMaterial2D - Importer: ScriptedImporter/UnityEditor.QuickSearchModule:UnityEditor.Search:ASIAI0B -> (ImportResultId: '5243d925c2f9f0ab42f62dff6ec44e70') in 0.0343653 seconds
Worker ready: AssetImportWorkerHW1 1
TrimDiskCacheJob: Current cache size 0mb
Asset Pipeline Refresh (id=0c09b4f07c4e13841a789fbb13f3e021): Total: 0.005 seconds - Initiated by RefreshV2(AllowForceSynchronousImport)
[Worker0] Imported GUID: 708d8b0ced941294d83937e3deb031dc - Path: Assets/TopCarpma.physicsMaterial2D - Importer: PreviewImporter -> (ImportResultId: 'e95431538b6a856142b5e9ad64f0b4b4') in 0.0270795 seconds
Importing 'GUID: a096c64bceda1b847a7e98134e87e169 - Path: Assets/market' with importer (DefaultImporter)
Imported 'GUID: a096c64bceda1b847a7e98134e87e169' -> (Import Result ID: 'a8f9b158e6ae8dacf1cd637af25fc930') in 0.013 seconds [static dependencies only]. Details - ImportResultOutputID=50f2c6bf934bff433b20df402674274f DependenciesID=88286c91400cc42457c8428602fb798a StaticDependenciesID=b2f6fea5e47d80c4e8af146caa986edf 
Refreshing native plugins compatible for Editor in 5.82 ms, found 5 plugins.
Asset Pipeline Refresh (id=8074e50b2e0bf014ab5ee01f145b26bb): Total: 0.239 seconds - Initiated by StopAssetImportingV2(NoUpdateAssetOptions)
[Worker0] Imported GUID: a096c64bceda1b847a7e98134e87e169 - Path: Assets/market - Importer: PreviewImporter -> (ImportResultId: '45553a5c7d7ab041d6faca356ebd3e2f') in 0.0200683 seconds
[Worker0] Imported GUID: a096c64bceda1b847a7e98134e87e169 - Path: Assets/market - Importer: ScriptedImporter/UnityEditor.QuickSearchModule:UnityEditor.Search:ASIAI0B -> (ImportResultId: '47d23db16cfaf1e86e56dc92f6911787') in 0.0171878 seconds
Importing 'GUID: d05d85fc9a841394daef2a035a04a7e2 - Path: Assets/market/card.png' with importer (TextureImporter)
Imported 'GUID: d05d85fc9a841394daef2a035a04a7e2' -> (Import Result ID: '5663d71c710c4d11adccb3f2995346b5') in 0.437 seconds [static and dynamic dependencies]. Details - ImportResultOutputID=73a7890596b4329a6781255d1eae0165 DependenciesID=3c1abde2667c5ddd692ef5692321a0e6 StaticDependenciesID=1ad3cdf98987bff3b6b828d8aef129ec 
Importing 'GUID: 43e24cc5dff908549bd5cc37a76349d6 - Path: Assets/market/icon.png' with importer (TextureImporter)
Imported 'GUID: 43e24cc5dff908549bd5cc37a76349d6' -> (Import Result ID: '8b87e29cd05f56644cc0c71c454f008a') in 0.403 seconds [static and dynamic dependencies]. Details - ImportResultOutputID=ea2d5cd1534ff0be192f18d409ca2b30 DependenciesID=74ff7697d94b3afe503afc9d61130a7a StaticDependenciesID=5c9c91b665602bc4988c1f4b27472739 
Importing 'GUID: f9774744e1710aa43b09fdbf6be70e2d - Path: Assets/market/market.png' with importer (TextureImporter)
Imported 'GUID: f9774744e1710aa43b09fdbf6be70e2d' -> (Import Result ID: 'e346f065e37042f229fd0134de2013fa') in 0.390 seconds [static and dynamic dependencies]. Details - ImportResultOutputID=35ba9ff8eb5ccf3bff20d0d3ce6a7fcb DependenciesID=dbca2c9db599fbd20d0e6a11bca5a95b StaticDependenciesID=36d419568fb57fba1103b45852d7a375 
Refreshing native plugins compatible for Editor in 6.61 ms, found 5 plugins.

Asset Pipeline Refresh (id=3755f9080ab404e41afade447c4ba7a2): Total: 1.352 seconds - Initiated by RefreshV2(NoUpdateAssetOptions)
	(Values over 0.05ms)
	Summary:
		Imports: total=3 (actual=3, local cache=0, cache server=0)
		Asset DB Process Time: managed=15 ms, native=1311 ms
		Asset DB Callback time: managed=15 ms, native=9 ms
		Scripting: domain reloads=0, domain reload time=0 ms, compile time=0 ms, other=0 ms
		Project Asset Count: scripts=2002, non-scripts=4482
		Asset File Changes: new=3, changed=3, moved=0, deleted=0
		Scan Filter Count: 0
	ApplyChangesToAssetFolders: 0.119ms
	Scan: 12.688ms
	Collect global state as custom dependencies: 0.061ms
	ProcessAssetsWithTransientArtifactChanges: 0.064ms
	CategorizeAssets: 16.997ms
	ImportOutOfDateAssets: 1276.311ms (8.409ms without children)
		ImportManagerImport: 1231.100ms (0.431ms without children)
		UnloadImportedAssets: 0.176ms
		EnsureUptoDateAssetsAreRegisteredWithGuidPM: 0.641ms
		ImportSchedulerStart: 35.938ms
	PostProcessAllAssets: 8.416ms
		XRBuildSystem.XRAssetImported 2.475ms
		VersionControlSettings.HiddenFilePostprocess 0.061ms
		MonoPostProcessAllAssets: 5.666ms
			SpriteSlicePostprocessor.OnPostprocessAllAssets 1.798ms
			AssetPostprocessor.OnPostprocessAllAssets 1.624ms
			SyncVS.PostprocessSyncProject 0.648ms
			TMPro_TexturePostProcessor.OnPostprocessAllAssets 0.421ms
			ShaderGraphAssetPostProcessor.OnPostprocessAllAssets 0.288ms
			TextAssetPostProcessor.OnPostprocessAllAssets 0.224ms
			SpriteShapeAssetPostProcessor.OnPostprocessAllAssets 0.098ms
			RenderPipelineGlobalSettingsPostprocessor.OnPostprocessAllAssets 0.097ms
			SpriteEditorTexturePostprocessor.OnPostprocessAllAssets 0.086ms
	PostAssetChangesProfiler: 16.641ms
	GatherAllCurrentPrimaryImportResultRevisions: 0.257ms
	UnloadStreamsBegin: 0.091ms
	PersistCurrentRevisions: 0.293ms
	Untracked: 19.961ms

[Worker1] Imported GUID: 43e24cc5dff908549bd5cc37a76349d6 - Path: Assets/market/icon.png - Importer: PreviewImporter -> (ImportResultId: 'd919c068108022e6ba240ef8eb00e546') in 0.2061613 seconds
[Worker0] Imported GUID: d05d85fc9a841394daef2a035a04a7e2 - Path: Assets/market/card.png - Importer: PreviewImporter -> (ImportResultId: '3e5e0fbd4780c499f0787627e61d4218') in 0.2130465 seconds
[Worker1] Imported GUID: f9774744e1710aa43b09fdbf6be70e2d - Path: Assets/market/market.png - Importer: PreviewImporter -> (ImportResultId: 'b41cbbe2aed4b2764cd5fc3906c3078d') in 0.0623379 seconds
[Worker0] Imported GUID: f9774744e1710aa43b09fdbf6be70e2d - Path: Assets/market/market.png - Importer: ScriptedImporter/UnityEditor.QuickSearchModule:UnityEditor.Search:ASIAI0B -> (ImportResultId: '07df052e159707f81573a047091a013c') in 0.0744597 seconds
[Worker0] Imported GUID: 43e24cc5dff908549bd5cc37a76349d6 - Path: Assets/market/icon.png - Importer: ScriptedImporter/UnityEditor.QuickSearchModule:UnityEditor.Search:ASIAI0B -> (ImportResultId: '6155166f2a0212023b6757a7ac4e9506') in 0.0315095 seconds
[Worker1] Imported GUID: d05d85fc9a841394daef2a035a04a7e2 - Path: Assets/market/card.png - Importer: ScriptedImporter/UnityEditor.QuickSearchModule:UnityEditor.Search:ASIAI0B -> (ImportResultId: '8f65bc8db553ce4e70fcf9163cfbb600') in 0.1389648 seconds
Asset Pipeline Refresh (id=1f5872d075051644cb6e107399baf468): Total: 0.011 seconds - Initiated by RefreshV2(AllowForceSynchronousImport)
[Licensing::Client] Successfully resolved entitlement details
MonoPathRemapper: Attempts to remap: 69624; Successful remaps: 27974
Serialized file version minimum: 23, current 23
[LAYOUT] About to save layout C:\Users\bisiy\YeniProje\UserSettings\Layouts\default-6000.dwlt
[LAYOUT] About to save layout C:/Users/bisiy/AppData/Roaming/Unity/Editor-5.x/Preferences\Layouts\current\default-6000.dwlt
Clearing [Bangers SDF] dynamic font asset data.
UnityEngine.Debug:ExtractStackTraceNoAlloc (byte*,int,string)
UnityEngine.StackTraceUtility:ExtractStackTrace ()
UnityEngine.DebugLogHandler:Internal_Log (UnityEngine.LogType,UnityEngine.LogOption,string,UnityEngine.Object)
UnityEngine.DebugLogHandler:LogFormat (UnityEngine.LogType,UnityEngine.Object,string,object[])
UnityEngine.Logger:Log (UnityEngine.LogType,object)
UnityEngine.Debug:Log (object)
TMPro.EditorEventCallbacks/<>c:<InitializeFontAssetResourceChangeCallBacks>b__0_0 () (at ./Library/PackageCache/com.unity.ugui@4f9b15fd1386/Editor/TMP/TMP_EditorResourceManager.cs:36)
UnityEditor.EditorApplication:Internal_EditorApplicationQuit ()

(Filename: ./Library/PackageCache/com.unity.ugui@4f9b15fd1386/Editor/TMP/TMP_EditorResourceManager.cs Line: 36)

Clearing [Electronic Highway Sign SDF] dynamic font asset data.
UnityEngine.Debug:ExtractStackTraceNoAlloc (byte*,int,string)
UnityEngine.StackTraceUtility:ExtractStackTrace ()
UnityEngine.DebugLogHandler:Internal_Log (UnityEngine.LogType,UnityEngine.LogOption,string,UnityEngine.Object)
UnityEngine.DebugLogHandler:LogFormat (UnityEngine.LogType,UnityEngine.Object,string,object[])
UnityEngine.Logger:Log (UnityEngine.LogType,object)
UnityEngine.Debug:Log (object)
TMPro.EditorEventCallbacks/<>c:<InitializeFontAssetResourceChangeCallBacks>b__0_0 () (at ./Library/PackageCache/com.unity.ugui@4f9b15fd1386/Editor/TMP/TMP_EditorResourceManager.cs:36)
UnityEditor.EditorApplication:Internal_EditorApplicationQuit ()

(Filename: ./Library/PackageCache/com.unity.ugui@4f9b15fd1386/Editor/TMP/TMP_EditorResourceManager.cs Line: 36)

Killing ADB server in 0,0548296 seconds.
Importing 'GUID: 125cb55b44b24c4393181402bc6200e6 - Path: Assets/TextMesh Pro/Examples & Extras/Resources/Fonts & Materials/Bangers SDF.asset' with importer (NativeFormatImporter)
Imported 'GUID: 125cb55b44b24c4393181402bc6200e6' -> (Import Result ID: '1b043a0a522c897e17dde2cb27b20287') in 0.002 seconds [static dependencies only]. Details - ImportResultOutputID=061db0d34de2d618c51840db9e68ab9f DependenciesID=5ed1193faf98c8697ce97991e611eba5 StaticDependenciesID=b34dfd04deed237ae2501ffe63ab4934 
Importing 'GUID: dc36b3fdc14f47ebb36fd484a67e268a - Path: Assets/TextMesh Pro/Examples & Extras/Resources/Fonts & Materials/Electronic Highway Sign SDF.asset' with importer (NativeFormatImporter)
Imported 'GUID: dc36b3fdc14f47ebb36fd484a67e268a' -> (Import Result ID: '34a125fab850a27fc74346d0bcd4c0eb') in 0.001 seconds [static dependencies only]. Details - ImportResultOutputID=65718714409f7487f869358db059e159 DependenciesID=af69745a0f24ce5fd8aa85c27ffca418 StaticDependenciesID=63cb3f7c380f5ce7639edcbe0a8e6927 
Refreshing native plugins compatible for Editor in 7.41 ms, found 5 plugins.
Asset Pipeline Refresh (id=79b1ea8578ac493498c09818b5525715): Total: 0.096 seconds - Initiated by StopAssetImportingV2(NoUpdateAssetOptions)
Input System module state changed to: ShutdownInProgress.
Input Polling Thread exited.
Input System module state changed to: Shutdown.
[Physics::Module] Cleanup current backend.
[Physics::Module] Id: 0xf2b8ea05
[Licensing::IpcConnector] LicenseClient-bisiy-6000.5.0-notifications channel disconnected successfully.
[Licensing::IpcConnector] LicenseClient-bisiy-6000.5.0 channel disconnected successfully.
Shut down.
AcceleratorClientConnectionCallback - disconnected - :0
Cleanup mono
CodeReloadManager destroyed
abort_threads: Failed aborting id: 0000000000002F24, mono_thread_manage will ignore it

abort_threads: Failed aborting id: 0000000000002F24, mono_thread_manage will ignore it

debugger-agent: Unable to listen on 4780
Checking for leaked weakptr:
  Found no leaked weakptrs.
[Package Manager] Server process was shutdown
##utp:{"type":"MemoryLeaks","version":2,"phase":"Immediate","time":1783009108622,"processId":25056,"allocatedMemory":57891061,"memoryLabels":[{"Default":243819},{"Permanent":15516},{"NewDelete":73301},{"Thread":4205944},{"Manager":820232},{"VertexData":8},{"Geometry":816},{"Texture":24},{"Shader":857022},{"Material":1424},{"GfxDevice":62744},{"GfxThread":2304},{"Animation":5816},{"Audio":1544},{"FreeType":8},{"FontEngine":736},{"Physics":2146},{"Physics2D":16},{"Serialization":265944},{"Input":45280},{"JobScheduler":256},{"TextLib":18966},{"Mono":48},{"MonoCode":128},{"ScriptingNativeRuntime":1899540},{"BaseObject":1677241},{"Resource":1208},{"Renderer":3080},{"Transform":4685},{"File":51585},{"WebCam":616},{"Culling":32},{"Terrain":11442},{"Wind":24},{"STL":40},{"String":9685},{"StaticString":3808},{"Utility":2673426},{"PoolAlloc":2360},{"AI":80},{"TypeTree":21101},{"CodeReload":448},{"RuntimeInitializeOnLoadManager":64},{"Sprites":102},{"SpriteAtlas":120},{"GI":7816},{"Director":3432},{"CloudService":7096},{"WebRequest":5458},{"VR":47114},{"SceneManager":608},{"Video":208},{"LazyScriptCache":32},{"NativeArray":33094540},{"Camera":17},{"Secure":265},{"SerializationCache":1576},{"APIUpdating":10320},{"Subsystems":336},{"VirtualTexturing":57888},{"StaticSafetyDebugInfo":278528},{"Analytics":552},{"Hierarchy":1176},{"UIElements":1248248},{"CoreStats":13688},{"Identifiers":13536},{"Gui":803378},{"EditorUtility":276729},{"VersionControl":8},{"Undo":931},{"AssetDatabase":8986341},{"AssetImporter":40},{"EditorGi":328},{"UnityConnect":35346},{"Upm":1988},{"UpmDiagnostics":8},{"AssetCompliance":64},{"DrivenProperties":72},{"LocalIPC":211},{"ProfilerEditor":9746},{"CoreBusinessMetrics":2892},{"Windowing":456},{"Licensing":664},{"AssetReference":32},{"IPCStream":32}]}
